2026-03-18T08:50:41.296964+00:00 actor=1 action=INSERT table=companies record=3 path=/companies status=success
2026-03-21T09:09:14.850833+00:00 actor=1 action=INSERT table=companies record=3 path=/companies status=success
2026-03-21T13:04:02.719621+00:00 actor=1000 action=INSERT table=companies record=16 path=/companies status=success
2026-03-21T13:04:02.743051+00:00 actor=1000 action=INSERT table=job_postings record=16 path=/jobs status=success
2026-03-21T13:04:02.779095+00:00 actor=1 action=INSERT table=applications record=36 path=/applications status=success
2026-03-21T13:04:02.803069+00:00 actor=1 action=UPDATE table=applications record=36 path=/applications/36 status=success
2026-03-21T13:04:02.819182+00:00 actor=1 action=DENY table=companies record=None path=/companies status=forbidden
2026-03-21T13:04:02.838399+00:00 actor=1000 action=DELETE table=applications record=36 path=/applications/36 status=success
2026-03-21T15:49:43.377663+00:00 actor=1000 action=INSERT table=companies record=16 path=/companies status=success
2026-03-21T15:49:43.418440+00:00 actor=1000 action=UPDATE table=companies record=16 path=/companies/16 status=success
2026-03-21T15:49:43.448672+00:00 actor=1000 action=INSERT table=job_postings record=16 path=/jobs status=success
2026-03-21T15:49:43.497137+00:00 actor=1000 action=UPDATE table=job_postings record=16 path=/jobs/16 status=success
2026-03-21T15:49:43.565347+00:00 actor=1 action=UPDATE table=students record=230001 path=/portfolio/230001 status=success
2026-03-21T15:49:43.591021+00:00 actor=1 action=DENY table=companies record=None path=/companies status=forbidden
2026-03-21T15:49:43.631842+00:00 actor=1 action=INSERT table=applications record=36 path=/applications status=success
2026-03-21T15:49:43.666801+00:00 actor=1 action=UPDATE table=applications record=36 path=/applications/36 status=success
2026-03-21T15:49:43.703726+00:00 actor=1000 action=DELETE table=applications record=36 path=/applications/36 status=success
2026-03-21T15:49:43.741392+00:00 actor=1000 action=DELETE table=job_postings record=16 path=/jobs/16 status=success
2026-03-21T15:49:43.773252+00:00 actor=1000 action=DELETE table=companies record=16 path=/companies/16 status=success
2026-03-21T15:56:36.215861+00:00 actor=1000 action=INSERT table=users/students record=230031 path=/members status=success
2026-03-21T16:05:13.286026+00:00 actor=1000 action=DELETE table=users/students record=230031 path=/members/230031 status=success
2026-03-21T16:10:19.504155+00:00 actor=1000 action=INSERT table=users/students record=230032 path=/members status=success
2026-03-21T20:58:50.740374+00:00 actor=31 action=DENY table=students record=230001 path=/portfolio/230001 status=forbidden
2026-03-21T20:59:07.758020+00:00 actor=31 action=DENY table=students record=230002 path=/portfolio/230002 status=forbidden
2026-03-21T20:59:08.904775+00:00 actor=31 action=DENY table=students record=230002 path=/portfolio/230002 status=forbidden
2026-03-21T20:59:28.466287+00:00 actor=1 action=DENY table=students record=230002 path=/portfolio/230002 status=forbidden
2026-03-21T20:59:33.866486+00:00 actor=1 action=DENY table=students record=230020 path=/portfolio/230020 status=forbidden
2026-03-21T21:00:16.491181+00:00 actor=41 action=DENY table=students record=230001 path=/portfolio/230001 status=forbidden
2026-03-21T21:01:35.495588+00:00 actor=56 action=DENY table=students record=230002 path=/portfolio/230002 status=forbidden
2026-03-21T21:02:00.386299+00:00 actor=56 action=DENY table=students record=230002 path=/portfolio/230002 status=forbidden
2026-03-21T21:02:03.900316+00:00 actor=56 action=DENY table=students record=230003 path=/portfolio/230003 status=forbidden
2026-03-21T21:02:07.923715+00:00 actor=56 action=DENY table=students record=230020 path=/portfolio/230020 status=forbidden
2026-03-21T21:05:58.212693+00:00 actor=41 action=DENY table=companies record=None path=/companies status=forbidden
2026-03-21T21:05:58.253191+00:00 actor=56 action=DENY table=audit_logs record=None path=/audit-logs status=forbidden
2026-03-21T21:09:05.140076+00:00 actor=41 action=INSERT table=job_postings record=16 path=/jobs status=success
2026-03-21T21:53:52.065017+00:00 actor=31 action=DENY table=students record=230001 path=/portfolio/230001 status=forbidden
2026-03-21T21:54:24.127861+00:00 actor=41 action=DENY table=students record=230001 path=/portfolio/230001 status=forbidden
2026-03-21T21:54:27.329910+00:00 actor=41 action=DENY table=students record=230001 path=/portfolio/230001 status=forbidden
2026-03-21T22:01:20.927386+00:00 actor=41 action=DENY table=students record=230001 path=/portfolio/230001 status=forbidden
2026-03-21T22:01:42.914980+00:00 actor=41 action=DENY table=students record=230001 path=/portfolio/230001 status=forbidden
2026-03-21T22:01:55.644548+00:00 actor=41 action=DENY table=students record=230001 path=/portfolio/230001 status=forbidden
2026-03-21T22:04:09.169769+00:00 actor=41 action=DENY table=students record=230001 path=/portfolio/230001 status=forbidden
2026-03-21T22:05:46.568970+00:00 actor=1 action=DENY table=students record=230002 path=/portfolio/230002 status=forbidden
2026-03-22T06:28:05.280173+00:00 actor=1000 action=INSERT table=users/students record=230033 path=/members status=success
2026-03-22T06:28:44.062842+00:00 actor=1000 action=DELETE table=users/students record=230032 path=/members/230032 status=success
2026-03-22T06:29:20.508388+00:00 actor=1000 action=INSERT table=companies record=16 path=/companies status=success
2026-03-22T06:30:37.209157+00:00 actor=1000 action=INSERT table=job_postings record=17 path=/jobs status=success
2026-03-22T06:31:01.327629+00:00 actor=1000 action=UPDATE table=job_postings record=17 path=/jobs/17 status=success
2026-03-22T06:31:10.772331+00:00 actor=1000 action=DELETE table=job_postings record=17 path=/jobs/17 status=success
2026-03-22T06:31:21.614423+00:00 actor=1000 action=DELETE table=companies record=16 path=/companies/16 status=success
2026-03-22T07:00:59.600362+00:00 actor=1 action=INSERT table=applications record=36 path=/applications status=success
2026-03-22T07:01:22.810936+00:00 actor=1 action=INSERT table=applications record=37 path=/applications status=success
2026-03-22T07:03:28.544135+00:00 actor=41 action=DENY table=job_postings record=None path=/jobs status=forbidden
2026-03-22T07:03:30.761078+00:00 actor=41 action=DENY table=job_postings record=None path=/jobs status=forbidden
2026-03-22T07:03:39.662856+00:00 actor=41 action=INSERT table=job_postings record=18 path=/jobs status=success
2026-03-22T07:09:54.497837+00:00 actor=56 action=DENY table=students record=230003 path=/portfolio/230003 status=forbidden
2026-03-22T07:10:40.919182+00:00 actor=1000 action=UPDATE table=students record=230001 path=/portfolio/230001 status=success
2026-03-22T08:08:23.971276+00:00 actor=1000 action=INSERT table=users/recruiters record=1001 path=/recruiters status=success
2026-03-22T08:08:25.126916+00:00 actor=1000 action=DELETE table=users/recruiters record=1001 path=/recruiters/1001 status=success
2026-03-22T08:08:32.894960+00:00 actor=41 action=UPDATE table=applications record=31 path=/applications/31 status=success
2026-03-22T08:08:35.108562+00:00 actor=56 action=DENY table=job_postings record=None path=/jobs status=forbidden
2026-03-22T08:20:45.351064+00:00 actor=1000 action=INSERT table=users/students record=230031 path=/members status=success
2026-03-22T09:42:47.064112+00:00 actor=1000 action=DELETE table=users/students record=230031 path=/members/230031 status=success
2026-03-22T09:45:27.397945+00:00 actor=1000 action=INSERT table=users/students record=230031 path=/members status=success
2026-03-22T09:46:12.344721+00:00 actor=1000 action=DELETE table=users/students record=230031 path=/members/230031 status=success
2026-03-22T09:49:40.143571+00:00 actor=41 action=INSERT table=job_postings record=16 path=/jobs status=success
2026-03-22T09:54:36.888715+00:00 actor=41 action=DENY table=job_postings record=None path=/jobs status=forbidden
2026-03-22T09:56:29.249747+00:00 actor=41 action=DENY table=job_postings record=None path=/jobs status=forbidden
2026-04-04T10:45:55.780829+00:00 actor=41 action=INSERT table=job_postings record=16 path=/jobs status=success
2026-04-04T10:46:17.373757+00:00 actor=1 action=INSERT table=applications record=36 path=/applications status=success
2026-04-04T10:46:42.876010+00:00 actor=41 action=UPDATE table=applications record=36 path=/applications/36 status=success
2026-04-05T05:06:58.581996+00:00 actor=1 action=INSERT table=applications record=37 path=/applications status=success
2026-04-05T05:15:37.388944+00:00 actor=1 action=INSERT table=applications record=38 path=/applications status=success
2026-04-05T05:21:43.777010+00:00 actor=1 action=INSERT table=applications record=39 path=/applications status=success
2026-04-05T05:22:47.545251+00:00 actor=1 action=INSERT table=applications record=40 path=/applications status=success
2026-04-05T05:32:41.025138+00:00 actor=1 action=INSERT table=applications record=41 path=/applications status=success
2026-04-05T05:32:41.110483+00:00 actor=1 action=INSERT table=applications record=42 path=/applications status=success
2026-04-05T05:32:41.355580+00:00 actor=1 action=INSERT table=applications record=43 path=/applications status=success
2026-04-05T05:32:41.464586+00:00 actor=1 action=INSERT table=applications record=44 path=/applications status=success
2026-04-05T05:32:41.512667+00:00 actor=1 action=INSERT table=applications record=45 path=/applications status=success
2026-04-05T05:32:41.658101+00:00 actor=1 action=INSERT table=applications record=46 path=/applications status=success
2026-04-05T05:32:41.729800+00:00 actor=1 action=INSERT table=applications record=47 path=/applications status=success
2026-04-05T05:32:41.764141+00:00 actor=1 action=INSERT table=applications record=48 path=/applications status=success
2026-04-05T05:32:41.860805+00:00 actor=1 action=INSERT table=applications record=49 path=/applications status=success
2026-04-05T05:32:41.893113+00:00 actor=1 action=INSERT table=applications record=50 path=/applications status=success
2026-04-05T05:32:42.018144+00:00 actor=1 action=INSERT table=applications record=51 path=/applications status=success
2026-04-05T05:32:42.187441+00:00 actor=1 action=INSERT table=applications record=52 path=/applications status=success
2026-04-05T05:32:42.257529+00:00 actor=1 action=INSERT table=applications record=53 path=/applications status=success
2026-04-05T05:32:42.320410+00:00 actor=1 action=INSERT table=applications record=54 path=/applications status=success
2026-04-05T05:32:42.455933+00:00 actor=1 action=INSERT table=applications record=55 path=/applications status=success
2026-04-05T05:32:42.496486+00:00 actor=1 action=INSERT table=applications record=56 path=/applications status=success
2026-04-05T05:32:42.513528+00:00 actor=1 action=INSERT table=applications record=57 path=/applications status=success
2026-04-05T05:32:42.607067+00:00 actor=1 action=INSERT table=applications record=58 path=/applications status=success
2026-04-05T05:32:53.695817+00:00 actor=1 action=INSERT table=applications record=59 path=/applications status=success
2026-04-05T05:32:53.706817+00:00 actor=1 action=INSERT table=applications record=60 path=/applications status=success
2026-04-05T05:32:53.709816+00:00 actor=1 action=INSERT table=applications record=61 path=/applications status=success
2026-04-05T05:32:53.723824+00:00 actor=1 action=INSERT table=applications record=62 path=/applications status=success
2026-04-05T05:32:53.738337+00:00 actor=1 action=INSERT table=applications record=63 path=/applications status=success
2026-04-05T05:32:53.744337+00:00 actor=1 action=INSERT table=applications record=64 path=/applications status=success
2026-04-05T05:32:53.763337+00:00 actor=1 action=INSERT table=applications record=65 path=/applications status=success
2026-04-05T05:32:53.774335+00:00 actor=1 action=INSERT table=applications record=67 path=/applications status=success
2026-04-05T05:32:53.785336+00:00 actor=1 action=INSERT table=applications record=68 path=/applications status=success
2026-04-05T05:32:53.789337+00:00 actor=1 action=INSERT table=applications record=69 path=/applications status=success
2026-04-05T05:32:53.796338+00:00 actor=1 action=INSERT table=applications record=70 path=/applications status=success
2026-04-05T05:32:53.813337+00:00 actor=1 action=INSERT table=applications record=71 path=/applications status=success
2026-04-05T05:32:53.833849+00:00 actor=1 action=INSERT table=applications record=72 path=/applications status=success
2026-04-05T05:32:53.853850+00:00 actor=1 action=INSERT table=applications record=73 path=/applications status=success
2026-04-05T05:32:53.885850+00:00 actor=1 action=INSERT table=applications record=74 path=/applications status=success
2026-04-05T05:32:53.917855+00:00 actor=1 action=INSERT table=applications record=75 path=/applications status=success
2026-04-05T05:32:53.933369+00:00 actor=1 action=INSERT table=applications record=76 path=/applications status=success
2026-04-05T05:32:53.938367+00:00 actor=1 action=INSERT table=applications record=77 path=/applications status=success
2026-04-05T05:32:53.941368+00:00 actor=1 action=INSERT table=applications record=78 path=/applications status=success
2026-04-05T05:32:53.950367+00:00 actor=1 action=INSERT table=applications record=79 path=/applications status=success
2026-04-05T05:32:53.950367+00:00 actor=1 action=INSERT table=applications record=80 path=/applications status=success
2026-04-05T05:32:53.956366+00:00 actor=1 action=INSERT table=applications record=81 path=/applications status=success
2026-04-05T05:32:53.963368+00:00 actor=1 action=INSERT table=applications record=82 path=/applications status=success
2026-04-05T05:32:53.967369+00:00 actor=1 action=INSERT table=applications record=83 path=/applications status=success
2026-04-05T05:32:53.979374+00:00 actor=1 action=INSERT table=applications record=84 path=/applications status=success
2026-04-05T05:32:53.981369+00:00 actor=1 action=INSERT table=applications record=85 path=/applications status=success
2026-04-05T05:32:53.986368+00:00 actor=1 action=INSERT table=applications record=86 path=/applications status=success
2026-04-05T05:32:54.005369+00:00 actor=1 action=INSERT table=applications record=87 path=/applications status=success
2026-04-05T05:32:54.014369+00:00 actor=1 action=INSERT table=applications record=88 path=/applications status=success
2026-04-05T05:32:54.020378+00:00 actor=1 action=INSERT table=applications record=89 path=/applications status=success
2026-04-05T05:32:54.025379+00:00 actor=1 action=INSERT table=applications record=90 path=/applications status=success
2026-04-05T05:32:54.025379+00:00 actor=1 action=INSERT table=applications record=91 path=/applications status=success
2026-04-05T05:32:54.030376+00:00 actor=1 action=INSERT table=applications record=92 path=/applications status=success
2026-04-05T05:32:54.041892+00:00 actor=1 action=INSERT table=applications record=93 path=/applications status=success
2026-04-05T05:32:54.045892+00:00 actor=1 action=INSERT table=applications record=94 path=/applications status=success
2026-04-05T05:32:54.081891+00:00 actor=1 action=INSERT table=applications record=95 path=/applications status=success
2026-04-05T05:32:54.161412+00:00 actor=1 action=INSERT table=applications record=96 path=/applications status=success
2026-04-05T05:32:54.232421+00:00 actor=1 action=INSERT table=applications record=97 path=/applications status=success
2026-04-05T05:32:54.261883+00:00 actor=1 action=INSERT table=applications record=98 path=/applications status=success
2026-04-05T05:32:54.390413+00:00 actor=1 action=INSERT table=applications record=99 path=/applications status=success
2026-04-05T05:32:54.435775+00:00 actor=1 action=INSERT table=applications record=100 path=/applications status=success
2026-04-05T05:32:54.500774+00:00 actor=1 action=INSERT table=applications record=101 path=/applications status=success
2026-04-05T05:32:54.534289+00:00 actor=1 action=INSERT table=applications record=102 path=/applications status=success
2026-04-05T05:32:54.541291+00:00 actor=1 action=INSERT table=applications record=103 path=/applications status=success
2026-04-05T05:32:54.565291+00:00 actor=1 action=INSERT table=applications record=104 path=/applications status=success
2026-04-05T05:32:54.595290+00:00 actor=1 action=INSERT table=applications record=105 path=/applications status=success
2026-04-05T05:32:54.604292+00:00 actor=1 action=INSERT table=applications record=106 path=/applications status=success
2026-04-05T05:32:54.658502+00:00 actor=1 action=INSERT table=applications record=107 path=/applications status=success
2026-04-05T05:32:54.685503+00:00 actor=1 action=INSERT table=applications record=108 path=/applications status=success
2026-04-05T05:32:54.693502+00:00 actor=1 action=INSERT table=applications record=109 path=/applications status=success
2026-04-05T05:32:54.705501+00:00 actor=1 action=INSERT table=applications record=110 path=/applications status=success
2026-04-05T05:32:54.709500+00:00 actor=1 action=INSERT table=applications record=111 path=/applications status=success
2026-04-05T05:32:54.726509+00:00 actor=1 action=INSERT table=applications record=112 path=/applications status=success
2026-04-05T05:32:54.729510+00:00 actor=1 action=INSERT table=applications record=113 path=/applications status=success
2026-04-05T05:32:54.734972+00:00 actor=1 action=INSERT table=applications record=114 path=/applications status=success
2026-04-05T05:32:54.742969+00:00 actor=1 action=INSERT table=applications record=115 path=/applications status=success
2026-04-05T05:32:54.753973+00:00 actor=1 action=INSERT table=applications record=116 path=/applications status=success
2026-04-05T05:32:54.754971+00:00 actor=1 action=INSERT table=applications record=117 path=/applications status=success
2026-04-05T05:32:54.758972+00:00 actor=1 action=INSERT table=applications record=118 path=/applications status=success
2026-04-05T05:32:54.763968+00:00 actor=1 action=INSERT table=applications record=119 path=/applications status=success
2026-04-05T05:32:54.773971+00:00 actor=1 action=INSERT table=applications record=120 path=/applications status=success
2026-04-05T05:32:54.786973+00:00 actor=1 action=INSERT table=applications record=121 path=/applications status=success
2026-04-05T05:32:54.787972+00:00 actor=1 action=INSERT table=applications record=122 path=/applications status=success
2026-04-05T05:32:54.801972+00:00 actor=1 action=INSERT table=applications record=123 path=/applications status=success
2026-04-05T05:32:54.809972+00:00 actor=1 action=INSERT table=applications record=124 path=/applications status=success
2026-04-05T05:32:54.834496+00:00 actor=1 action=INSERT table=applications record=125 path=/applications status=success
2026-04-05T05:32:54.854497+00:00 actor=1 action=INSERT table=applications record=126 path=/applications status=success
2026-04-05T05:32:54.908495+00:00 actor=1 action=INSERT table=applications record=127 path=/applications status=success
2026-04-05T05:32:54.910495+00:00 actor=1 action=INSERT table=applications record=128 path=/applications status=success
2026-04-05T05:32:54.973013+00:00 actor=1 action=INSERT table=applications record=129 path=/applications status=success
2026-04-05T05:32:54.981013+00:00 actor=1 action=INSERT table=applications record=130 path=/applications status=success
2026-04-05T05:32:54.986013+00:00 actor=1 action=INSERT table=applications record=131 path=/applications status=success
2026-04-05T05:32:55.053534+00:00 actor=1 action=INSERT table=applications record=132 path=/applications status=success
2026-04-05T05:32:55.054534+00:00 actor=1 action=INSERT table=applications record=133 path=/applications status=success
2026-04-05T05:32:55.064537+00:00 actor=1 action=INSERT table=applications record=134 path=/applications status=success
2026-04-05T05:32:55.120537+00:00 actor=1 action=INSERT table=applications record=135 path=/applications status=success
2026-04-05T05:32:55.184051+00:00 actor=1 action=INSERT table=applications record=136 path=/applications status=success
2026-04-05T05:32:55.231056+00:00 actor=1 action=INSERT table=applications record=137 path=/applications status=success
2026-04-05T05:32:55.251570+00:00 actor=1 action=INSERT table=applications record=138 path=/applications status=success
2026-04-05T05:32:55.279569+00:00 actor=1 action=INSERT table=applications record=139 path=/applications status=success
2026-04-05T05:32:55.382986+00:00 actor=1 action=INSERT table=applications record=140 path=/applications status=success
2026-04-05T05:32:55.387986+00:00 actor=1 action=INSERT table=applications record=141 path=/applications status=success
2026-04-05T05:32:55.427992+00:00 actor=1 action=INSERT table=applications record=142 path=/applications status=success
2026-04-05T05:32:55.434508+00:00 actor=1 action=INSERT table=applications record=143 path=/applications status=success
2026-04-05T05:32:55.455508+00:00 actor=1 action=INSERT table=applications record=144 path=/applications status=success
2026-04-05T05:32:55.475508+00:00 actor=1 action=INSERT table=applications record=145 path=/applications status=success
2026-04-05T05:32:55.482508+00:00 actor=1 action=INSERT table=applications record=146 path=/applications status=success
2026-04-05T05:32:55.493510+00:00 actor=1 action=INSERT table=applications record=147 path=/applications status=success
2026-04-05T05:32:55.499510+00:00 actor=1 action=INSERT table=applications record=148 path=/applications status=success
2026-04-05T05:32:55.511510+00:00 actor=1 action=INSERT table=applications record=150 path=/applications status=success
2026-04-05T05:32:55.512509+00:00 actor=1 action=INSERT table=applications record=149 path=/applications status=success
2026-04-05T05:32:55.522514+00:00 actor=1 action=INSERT table=applications record=151 path=/applications status=success
2026-04-05T05:32:55.531515+00:00 actor=1 action=INSERT table=applications record=152 path=/applications status=success
2026-04-05T05:32:55.565067+00:00 actor=1 action=INSERT table=applications record=153 path=/applications status=success
2026-04-05T05:32:55.567816+00:00 actor=1 action=INSERT table=applications record=154 path=/applications status=success
2026-04-05T05:32:55.577613+00:00 actor=1 action=INSERT table=applications record=155 path=/applications status=success
2026-04-05T05:32:55.599704+00:00 actor=1 action=INSERT table=applications record=156 path=/applications status=success
2026-04-05T05:32:55.619713+00:00 actor=1 action=INSERT table=applications record=157 path=/applications status=success
2026-04-05T05:32:55.645737+00:00 actor=1 action=INSERT table=applications record=158 path=/applications status=success
2026-04-05T05:32:55.650334+00:00 actor=1 action=INSERT table=applications record=159 path=/applications status=success
2026-04-05T05:32:55.656331+00:00 actor=1 action=INSERT table=applications record=160 path=/applications status=success
2026-04-05T05:32:55.761000+00:00 actor=1 action=INSERT table=applications record=161 path=/applications status=success
2026-04-05T05:32:55.774998+00:00 actor=1 action=INSERT table=applications record=162 path=/applications status=success
2026-04-05T05:32:55.812997+00:00 actor=1 action=INSERT table=applications record=163 path=/applications status=success
2026-04-05T05:32:55.836515+00:00 actor=1 action=INSERT table=applications record=164 path=/applications status=success
2026-04-05T05:32:55.861520+00:00 actor=1 action=INSERT table=applications record=165 path=/applications status=success
2026-04-05T05:32:55.905516+00:00 actor=1 action=INSERT table=applications record=166 path=/applications status=success
2026-04-05T05:32:55.951040+00:00 actor=1 action=INSERT table=applications record=167 path=/applications status=success
2026-04-05T05:32:55.952040+00:00 actor=1 action=INSERT table=applications record=168 path=/applications status=success
2026-04-05T05:32:55.959041+00:00 actor=1 action=INSERT table=applications record=169 path=/applications status=success
2026-04-05T05:32:55.964040+00:00 actor=1 action=INSERT table=applications record=170 path=/applications status=success
2026-04-05T05:32:55.988040+00:00 actor=1 action=INSERT table=applications record=171 path=/applications status=success
2026-04-05T05:32:56.046561+00:00 actor=1 action=INSERT table=applications record=172 path=/applications status=success
2026-04-05T05:32:56.055560+00:00 actor=1 action=INSERT table=applications record=173 path=/applications status=success
2026-04-05T05:32:56.061557+00:00 actor=1 action=INSERT table=applications record=174 path=/applications status=success
2026-04-05T05:32:56.069561+00:00 actor=1 action=INSERT table=applications record=175 path=/applications status=success
2026-04-05T05:32:56.076562+00:00 actor=1 action=INSERT table=applications record=176 path=/applications status=success
2026-04-05T05:32:56.144077+00:00 actor=1 action=INSERT table=applications record=177 path=/applications status=success
2026-04-05T05:32:56.154076+00:00 actor=1 action=INSERT table=applications record=178 path=/applications status=success
2026-04-05T05:32:56.219085+00:00 actor=1 action=INSERT table=applications record=179 path=/applications status=success
2026-04-05T05:32:56.243199+00:00 actor=1 action=INSERT table=applications record=180 path=/applications status=success
2026-04-05T05:32:56.253201+00:00 actor=1 action=INSERT table=applications record=181 path=/applications status=success
2026-04-05T05:32:56.291200+00:00 actor=1 action=INSERT table=applications record=182 path=/applications status=success
2026-04-05T05:32:56.319199+00:00 actor=1 action=INSERT table=applications record=183 path=/applications status=success
2026-04-05T05:32:56.335714+00:00 actor=1 action=INSERT table=applications record=184 path=/applications status=success
2026-04-05T05:32:56.392714+00:00 actor=1 action=INSERT table=applications record=185 path=/applications status=success
2026-04-05T05:32:56.408712+00:00 actor=1 action=INSERT table=applications record=186 path=/applications status=success
2026-04-05T05:32:56.415713+00:00 actor=1 action=INSERT table=applications record=187 path=/applications status=success
2026-04-05T05:32:56.435231+00:00 actor=1 action=INSERT table=applications record=188 path=/applications status=success
2026-04-05T05:32:56.468231+00:00 actor=1 action=INSERT table=applications record=189 path=/applications status=success
2026-04-05T05:32:56.481232+00:00 actor=1 action=INSERT table=applications record=190 path=/applications status=success
2026-04-05T05:32:56.497233+00:00 actor=1 action=INSERT table=applications record=191 path=/applications status=success
2026-04-05T05:32:56.507235+00:00 actor=1 action=INSERT table=applications record=192 path=/applications status=success
2026-04-05T05:32:56.520241+00:00 actor=1 action=INSERT table=applications record=193 path=/applications status=success
2026-04-05T05:32:56.585754+00:00 actor=1 action=INSERT table=applications record=195 path=/applications status=success
2026-04-05T05:32:56.644278+00:00 actor=1 action=INSERT table=applications record=196 path=/applications status=success
2026-04-05T05:32:56.650278+00:00 actor=1 action=INSERT table=applications record=197 path=/applications status=success
2026-04-05T05:32:56.744389+00:00 actor=1 action=INSERT table=applications record=198 path=/applications status=success
2026-04-05T05:32:56.749388+00:00 actor=1 action=INSERT table=applications record=199 path=/applications status=success
2026-04-05T05:32:56.762389+00:00 actor=1 action=INSERT table=applications record=200 path=/applications status=success
2026-04-05T05:32:56.768390+00:00 actor=1 action=INSERT table=applications record=201 path=/applications status=success
2026-04-05T05:32:56.778389+00:00 actor=1 action=INSERT table=applications record=202 path=/applications status=success
2026-04-05T05:32:56.819395+00:00 actor=1 action=INSERT table=applications record=203 path=/applications status=success
2026-04-05T05:32:56.839905+00:00 actor=1 action=INSERT table=applications record=204 path=/applications status=success
2026-04-05T05:32:56.845906+00:00 actor=1 action=INSERT table=applications record=205 path=/applications status=success
2026-04-05T05:32:56.857905+00:00 actor=1 action=INSERT table=applications record=206 path=/applications status=success
2026-04-05T05:32:56.859906+00:00 actor=1 action=INSERT table=applications record=207 path=/applications status=success
2026-04-05T05:32:56.863905+00:00 actor=1 action=INSERT table=applications record=208 path=/applications status=success
2026-04-05T05:32:56.882905+00:00 actor=1 action=INSERT table=applications record=209 path=/applications status=success
2026-04-05T05:32:56.915905+00:00 actor=1 action=INSERT table=applications record=210 path=/applications status=success
2026-04-05T05:32:56.937424+00:00 actor=1 action=INSERT table=applications record=212 path=/applications status=success
2026-04-05T05:32:56.943425+00:00 actor=1 action=INSERT table=applications record=213 path=/applications status=success
2026-04-05T05:32:56.949425+00:00 actor=1 action=INSERT table=applications record=214 path=/applications status=success
2026-04-05T05:32:56.955424+00:00 actor=1 action=INSERT table=applications record=215 path=/applications status=success
2026-04-05T05:32:56.975425+00:00 actor=1 action=INSERT table=applications record=216 path=/applications status=success
2026-04-05T05:32:56.985426+00:00 actor=1 action=INSERT table=applications record=217 path=/applications status=success
2026-04-05T05:32:57.020430+00:00 actor=1 action=INSERT table=applications record=218 path=/applications status=success
2026-04-05T05:32:57.034939+00:00 actor=1 action=INSERT table=applications record=219 path=/applications status=success
2026-04-05T05:32:57.064939+00:00 actor=1 action=INSERT table=applications record=220 path=/applications status=success
2026-04-05T05:32:57.164459+00:00 actor=1 action=INSERT table=applications record=221 path=/applications status=success
2026-04-05T05:32:57.205460+00:00 actor=1 action=INSERT table=applications record=222 path=/applications status=success
2026-04-05T05:32:57.235979+00:00 actor=1 action=INSERT table=applications record=223 path=/applications status=success
2026-04-05T05:32:57.288978+00:00 actor=1 action=INSERT table=applications record=224 path=/applications status=success
2026-04-05T05:32:57.301976+00:00 actor=1 action=INSERT table=applications record=225 path=/applications status=success
2026-04-05T05:32:57.320983+00:00 actor=1 action=INSERT table=applications record=226 path=/applications status=success
2026-04-05T05:32:57.327981+00:00 actor=1 action=INSERT table=applications record=227 path=/applications status=success
2026-04-05T05:32:57.344496+00:00 actor=1 action=INSERT table=applications record=228 path=/applications status=success
2026-04-05T05:32:57.354496+00:00 actor=1 action=INSERT table=applications record=229 path=/applications status=success
2026-04-05T05:32:57.365495+00:00 actor=1 action=INSERT table=applications record=230 path=/applications status=success
2026-04-05T05:32:57.369495+00:00 actor=1 action=INSERT table=applications record=231 path=/applications status=success
2026-04-05T05:32:57.370496+00:00 actor=1 action=INSERT table=applications record=232 path=/applications status=success
2026-04-05T05:32:57.455821+00:00 actor=1 action=INSERT table=applications record=233 path=/applications status=success
2026-04-05T05:32:57.472819+00:00 actor=1 action=INSERT table=applications record=234 path=/applications status=success
2026-04-05T05:32:57.489821+00:00 actor=1 action=INSERT table=applications record=235 path=/applications status=success
2026-04-05T05:32:57.492820+00:00 actor=1 action=INSERT table=applications record=236 path=/applications status=success
2026-04-05T05:32:57.563351+00:00 actor=1 action=INSERT table=applications record=238 path=/applications status=success
2026-04-05T05:32:57.612346+00:00 actor=1 action=INSERT table=applications record=239 path=/applications status=success
2026-04-05T05:32:57.645696+00:00 actor=1 action=INSERT table=applications record=240 path=/applications status=success
2026-04-05T05:32:57.669695+00:00 actor=1 action=INSERT table=applications record=241 path=/applications status=success
2026-04-05T05:32:57.745213+00:00 actor=1 action=INSERT table=applications record=242 path=/applications status=success
2026-04-05T05:32:57.755636+00:00 actor=1 action=INSERT table=applications record=243 path=/applications status=success
2026-04-05T05:32:57.767477+00:00 actor=1 action=INSERT table=applications record=244 path=/applications status=success
2026-04-05T05:32:57.784230+00:00 actor=1 action=INSERT table=applications record=245 path=/applications status=success
2026-04-05T05:32:57.784763+00:00 actor=1 action=INSERT table=applications record=246 path=/applications status=success
2026-04-05T05:32:57.812149+00:00 actor=1 action=INSERT table=applications record=247 path=/applications status=success
2026-04-05T05:32:57.823156+00:00 actor=1 action=INSERT table=applications record=248 path=/applications status=success
2026-04-05T05:32:57.837669+00:00 actor=1 action=INSERT table=applications record=249 path=/applications status=success
2026-04-05T05:32:57.875854+00:00 actor=1 action=INSERT table=applications record=250 path=/applications status=success
2026-04-05T05:32:57.892861+00:00 actor=1 action=INSERT table=applications record=251 path=/applications status=success
2026-04-05T05:32:57.915378+00:00 actor=1 action=INSERT table=applications record=252 path=/applications status=success
2026-04-05T05:32:57.951897+00:00 actor=1 action=INSERT table=applications record=253 path=/applications status=success
2026-04-05T05:32:57.980901+00:00 actor=1 action=INSERT table=applications record=254 path=/applications status=success
2026-04-05T05:32:58.011896+00:00 actor=1 action=INSERT table=applications record=255 path=/applications status=success
2026-04-05T05:32:58.128238+00:00 actor=1 action=INSERT table=applications record=257 path=/applications status=success
2026-04-05T05:32:58.134753+00:00 actor=1 action=INSERT table=applications record=258 path=/applications status=success
2026-04-05T05:32:58.144753+00:00 actor=1 action=INSERT table=applications record=259 path=/applications status=success
2026-04-05T05:32:58.163752+00:00 actor=1 action=INSERT table=applications record=260 path=/applications status=success
2026-04-05T05:32:58.188753+00:00 actor=1 action=INSERT table=applications record=261 path=/applications status=success
2026-04-05T05:32:58.203752+00:00 actor=1 action=INSERT table=applications record=262 path=/applications status=success
2026-04-05T05:32:58.209755+00:00 actor=1 action=INSERT table=applications record=263 path=/applications status=success
2026-04-05T05:32:58.217752+00:00 actor=1 action=INSERT table=applications record=264 path=/applications status=success
2026-04-05T05:32:58.220757+00:00 actor=1 action=INSERT table=applications record=265 path=/applications status=success
2026-04-05T05:32:58.238266+00:00 actor=1 action=INSERT table=applications record=266 path=/applications status=success
2026-04-05T05:32:58.261267+00:00 actor=1 action=INSERT table=applications record=267 path=/applications status=success
2026-04-05T05:32:58.274269+00:00 actor=1 action=INSERT table=applications record=268 path=/applications status=success
2026-04-05T05:32:58.351792+00:00 actor=1 action=INSERT table=applications record=269 path=/applications status=success
2026-04-05T05:32:58.360790+00:00 actor=1 action=INSERT table=applications record=270 path=/applications status=success
2026-04-05T05:32:58.396790+00:00 actor=1 action=INSERT table=applications record=271 path=/applications status=success
2026-04-05T05:32:58.439309+00:00 actor=1 action=INSERT table=applications record=272 path=/applications status=success
2026-04-05T05:32:58.562913+00:00 actor=1 action=INSERT table=applications record=273 path=/applications status=success
2026-04-05T05:33:00.965342+00:00 actor=1 action=INSERT table=applications record=274 path=/applications status=success
2026-04-05T05:33:00.988343+00:00 actor=1 action=INSERT table=applications record=275 path=/applications status=success
2026-04-05T05:33:01.030349+00:00 actor=1 action=INSERT table=applications record=276 path=/applications status=success
2026-04-05T05:33:01.050861+00:00 actor=1 action=INSERT table=applications record=277 path=/applications status=success
2026-04-05T05:33:01.062863+00:00 actor=1 action=INSERT table=applications record=278 path=/applications status=success
2026-04-05T05:33:01.090863+00:00 actor=1 action=INSERT table=applications record=279 path=/applications status=success
2026-04-05T05:33:01.131869+00:00 actor=1 action=INSERT table=applications record=280 path=/applications status=success
2026-04-05T05:33:01.163457+00:00 actor=1 action=INSERT table=applications record=281 path=/applications status=success
2026-04-05T05:33:01.184456+00:00 actor=1 action=INSERT table=applications record=282 path=/applications status=success
2026-04-05T05:33:01.202457+00:00 actor=1 action=INSERT table=applications record=283 path=/applications status=success
2026-04-05T05:33:01.207457+00:00 actor=1 action=INSERT table=applications record=284 path=/applications status=success
2026-04-05T05:33:01.212456+00:00 actor=1 action=INSERT table=applications record=285 path=/applications status=success
2026-04-05T05:33:01.224463+00:00 actor=1 action=INSERT table=applications record=286 path=/applications status=success
2026-04-05T05:33:01.231464+00:00 actor=1 action=INSERT table=applications record=287 path=/applications status=success
2026-04-05T05:33:01.242978+00:00 actor=1 action=INSERT table=applications record=288 path=/applications status=success
2026-04-05T05:33:01.259978+00:00 actor=1 action=INSERT table=applications record=289 path=/applications status=success
2026-04-05T05:33:01.280975+00:00 actor=1 action=INSERT table=applications record=290 path=/applications status=success
2026-04-05T05:33:01.284977+00:00 actor=1 action=INSERT table=applications record=291 path=/applications status=success
2026-04-05T05:33:01.297977+00:00 actor=1 action=INSERT table=applications record=292 path=/applications status=success
2026-04-05T05:33:01.314977+00:00 actor=1 action=INSERT table=applications record=293 path=/applications status=success
2026-04-05T05:33:01.327985+00:00 actor=1 action=INSERT table=applications record=294 path=/applications status=success
2026-04-05T05:33:01.356495+00:00 actor=1 action=INSERT table=applications record=295 path=/applications status=success
2026-04-05T05:33:01.387495+00:00 actor=1 action=INSERT table=applications record=296 path=/applications status=success
2026-04-05T05:33:01.407493+00:00 actor=1 action=INSERT table=applications record=297 path=/applications status=success
2026-04-05T05:33:01.436001+00:00 actor=1 action=INSERT table=applications record=298 path=/applications status=success
2026-04-05T05:33:01.449008+00:00 actor=1 action=INSERT table=applications record=299 path=/applications status=success
2026-04-05T05:33:01.462007+00:00 actor=1 action=INSERT table=applications record=300 path=/applications status=success
2026-04-05T05:33:01.490009+00:00 actor=1 action=INSERT table=applications record=301 path=/applications status=success
2026-04-05T05:33:01.513008+00:00 actor=1 action=INSERT table=applications record=302 path=/applications status=success
2026-04-05T05:33:01.567619+00:00 actor=1 action=INSERT table=applications record=303 path=/applications status=success
2026-04-05T05:33:01.584620+00:00 actor=1 action=INSERT table=applications record=304 path=/applications status=success
2026-04-05T05:33:01.585619+00:00 actor=1 action=INSERT table=applications record=305 path=/applications status=success
2026-04-05T05:33:01.634628+00:00 actor=1 action=INSERT table=applications record=306 path=/applications status=success
2026-04-05T05:33:01.658836+00:00 actor=1 action=INSERT table=applications record=308 path=/applications status=success
2026-04-05T05:33:01.657837+00:00 actor=1 action=INSERT table=applications record=307 path=/applications status=success
2026-04-05T05:33:01.671834+00:00 actor=1 action=INSERT table=applications record=309 path=/applications status=success
2026-04-05T05:33:01.684837+00:00 actor=1 action=INSERT table=applications record=310 path=/applications status=success
2026-04-05T05:33:01.742938+00:00 actor=1 action=INSERT table=applications record=311 path=/applications status=success
2026-04-05T05:33:01.789936+00:00 actor=1 action=INSERT table=applications record=312 path=/applications status=success
2026-04-05T05:33:01.833945+00:00 actor=1 action=INSERT table=applications record=313 path=/applications status=success
2026-04-05T05:33:01.912140+00:00 actor=1 action=INSERT table=applications record=314 path=/applications status=success
2026-04-05T05:33:01.953271+00:00 actor=1 action=INSERT table=applications record=315 path=/applications status=success
2026-04-05T05:33:01.971271+00:00 actor=1 action=INSERT table=applications record=316 path=/applications status=success
2026-04-05T05:33:02.022273+00:00 actor=1 action=INSERT table=applications record=317 path=/applications status=success
2026-04-05T05:33:02.026272+00:00 actor=1 action=INSERT table=applications record=318 path=/applications status=success
2026-04-05T05:33:02.039784+00:00 actor=1 action=INSERT table=applications record=319 path=/applications status=success
2026-04-05T05:33:02.041786+00:00 actor=1 action=INSERT table=applications record=320 path=/applications status=success
2026-04-05T05:33:02.053786+00:00 actor=1 action=INSERT table=applications record=321 path=/applications status=success
2026-04-05T05:33:02.073785+00:00 actor=1 action=INSERT table=applications record=322 path=/applications status=success
2026-04-05T05:33:02.076785+00:00 actor=1 action=INSERT table=applications record=323 path=/applications status=success
2026-04-05T05:33:02.088785+00:00 actor=1 action=INSERT table=applications record=324 path=/applications status=success
2026-04-05T05:33:02.097786+00:00 actor=1 action=INSERT table=applications record=325 path=/applications status=success
2026-04-05T05:33:02.134791+00:00 actor=1 action=INSERT table=applications record=326 path=/applications status=success
2026-04-05T05:33:02.138303+00:00 actor=1 action=INSERT table=applications record=327 path=/applications status=success
2026-04-05T05:33:02.145303+00:00 actor=1 action=INSERT table=applications record=328 path=/applications status=success
2026-04-05T05:33:02.154303+00:00 actor=1 action=INSERT table=applications record=329 path=/applications status=success
2026-04-05T05:33:02.166304+00:00 actor=1 action=INSERT table=applications record=330 path=/applications status=success
2026-04-05T05:33:02.176303+00:00 actor=1 action=INSERT table=applications record=331 path=/applications status=success
2026-04-05T05:33:02.200305+00:00 actor=1 action=INSERT table=applications record=332 path=/applications status=success
2026-04-05T05:33:02.212306+00:00 actor=1 action=INSERT table=applications record=333 path=/applications status=success
2026-04-05T05:33:02.232310+00:00 actor=1 action=INSERT table=applications record=334 path=/applications status=success
2026-04-05T05:33:02.248824+00:00 actor=1 action=INSERT table=applications record=335 path=/applications status=success
2026-04-05T05:33:02.259823+00:00 actor=1 action=INSERT table=applications record=336 path=/applications status=success
2026-04-05T05:33:02.263826+00:00 actor=1 action=INSERT table=applications record=337 path=/applications status=success
2026-04-05T05:33:02.273823+00:00 actor=1 action=INSERT table=applications record=338 path=/applications status=success
2026-04-05T05:33:02.277823+00:00 actor=1 action=INSERT table=applications record=339 path=/applications status=success
2026-04-05T05:33:02.290822+00:00 actor=1 action=INSERT table=applications record=340 path=/applications status=success
2026-04-05T05:33:02.297824+00:00 actor=1 action=INSERT table=applications record=341 path=/applications status=success
2026-04-05T05:33:02.332146+00:00 actor=1 action=INSERT table=applications record=342 path=/applications status=success
2026-04-05T05:33:02.373032+00:00 actor=1 action=INSERT table=applications record=343 path=/applications status=success
2026-04-05T05:33:02.376035+00:00 actor=1 action=INSERT table=applications record=344 path=/applications status=success
2026-04-05T05:33:02.389364+00:00 actor=1 action=INSERT table=applications record=345 path=/applications status=success
2026-04-05T05:33:02.421372+00:00 actor=1 action=INSERT table=applications record=346 path=/applications status=success
2026-04-05T05:33:02.557813+00:00 actor=1 action=INSERT table=applications record=347 path=/applications status=success
2026-04-05T05:33:02.601812+00:00 actor=1 action=INSERT table=applications record=348 path=/applications status=success
2026-04-05T05:33:02.603813+00:00 actor=1 action=INSERT table=applications record=349 path=/applications status=success
2026-04-05T05:33:02.609812+00:00 actor=1 action=INSERT table=applications record=350 path=/applications status=success
2026-04-05T05:33:02.627818+00:00 actor=1 action=INSERT table=applications record=351 path=/applications status=success
2026-04-05T05:33:02.646919+00:00 actor=1 action=INSERT table=applications record=352 path=/applications status=success
2026-04-05T05:33:02.649917+00:00 actor=1 action=INSERT table=applications record=353 path=/applications status=success
2026-04-05T05:33:02.661918+00:00 actor=1 action=INSERT table=applications record=354 path=/applications status=success
2026-04-05T05:33:02.685920+00:00 actor=1 action=INSERT table=applications record=355 path=/applications status=success
2026-04-05T05:33:02.732923+00:00 actor=1 action=INSERT table=applications record=356 path=/applications status=success
2026-04-05T05:33:02.781432+00:00 actor=1 action=INSERT table=applications record=357 path=/applications status=success
2026-04-05T05:33:02.782432+00:00 actor=1 action=INSERT table=applications record=358 path=/applications status=success
2026-04-05T05:33:02.801434+00:00 actor=1 action=INSERT table=applications record=359 path=/applications status=success
2026-04-05T05:33:02.839954+00:00 actor=1 action=INSERT table=applications record=360 path=/applications status=success
2026-04-05T05:33:02.916955+00:00 actor=1 action=INSERT table=applications record=362 path=/applications status=success
2026-04-05T05:33:02.922959+00:00 actor=1 action=INSERT table=applications record=363 path=/applications status=success
2026-04-05T05:33:02.929960+00:00 actor=1 action=INSERT table=applications record=364 path=/applications status=success
2026-04-05T05:33:02.970110+00:00 actor=1 action=INSERT table=applications record=365 path=/applications status=success
2026-04-05T05:33:02.995110+00:00 actor=1 action=INSERT table=applications record=366 path=/applications status=success
2026-04-05T05:33:03.009109+00:00 actor=1 action=INSERT table=applications record=367 path=/applications status=success
2026-04-05T05:33:03.054240+00:00 actor=1 action=INSERT table=applications record=368 path=/applications status=success
2026-04-05T05:33:03.070239+00:00 actor=1 action=INSERT table=applications record=369 path=/applications status=success
2026-04-05T05:33:03.076241+00:00 actor=1 action=INSERT table=applications record=370 path=/applications status=success
2026-04-05T05:33:03.101239+00:00 actor=1 action=INSERT table=applications record=371 path=/applications status=success
2026-04-05T05:33:03.113241+00:00 actor=1 action=INSERT table=applications record=372 path=/applications status=success
2026-04-05T05:33:03.139946+00:00 actor=1 action=INSERT table=applications record=373 path=/applications status=success
2026-04-05T05:33:03.145947+00:00 actor=1 action=INSERT table=applications record=374 path=/applications status=success
2026-04-05T05:33:03.171947+00:00 actor=1 action=INSERT table=applications record=375 path=/applications status=success
2026-04-05T05:33:03.182944+00:00 actor=1 action=INSERT table=applications record=376 path=/applications status=success
2026-04-05T05:33:03.194946+00:00 actor=1 action=INSERT table=applications record=377 path=/applications status=success
2026-04-05T05:33:03.218947+00:00 actor=1 action=INSERT table=applications record=378 path=/applications status=success
2026-04-05T05:33:03.224953+00:00 actor=1 action=INSERT table=applications record=379 path=/applications status=success
2026-04-05T05:33:03.251464+00:00 actor=1 action=INSERT table=applications record=380 path=/applications status=success
2026-04-05T05:33:03.270464+00:00 actor=1 action=INSERT table=applications record=381 path=/applications status=success
2026-04-05T05:33:03.274465+00:00 actor=1 action=INSERT table=applications record=382 path=/applications status=success
2026-04-05T05:33:03.275464+00:00 actor=1 action=INSERT table=applications record=383 path=/applications status=success
2026-04-05T05:33:03.296463+00:00 actor=1 action=INSERT table=applications record=384 path=/applications status=success
2026-04-05T05:33:03.305464+00:00 actor=1 action=INSERT table=applications record=385 path=/applications status=success
2026-04-05T05:33:03.333472+00:00 actor=1 action=INSERT table=applications record=386 path=/applications status=success
2026-04-05T05:33:03.386968+00:00 actor=1 action=INSERT table=applications record=387 path=/applications status=success
2026-04-05T05:33:03.398970+00:00 actor=1 action=INSERT table=applications record=388 path=/applications status=success
2026-04-05T05:33:03.456490+00:00 actor=1 action=INSERT table=applications record=389 path=/applications status=success
2026-04-05T05:33:03.553009+00:00 actor=1 action=INSERT table=applications record=390 path=/applications status=success
2026-04-05T05:33:03.558011+00:00 actor=1 action=INSERT table=applications record=391 path=/applications status=success
2026-04-05T05:33:03.572013+00:00 actor=1 action=INSERT table=applications record=392 path=/applications status=success
2026-04-05T05:33:03.632017+00:00 actor=1 action=INSERT table=applications record=393 path=/applications status=success
2026-04-05T05:33:03.635017+00:00 actor=1 action=INSERT table=applications record=394 path=/applications status=success
2026-04-05T05:33:03.639534+00:00 actor=1 action=INSERT table=applications record=395 path=/applications status=success
2026-04-05T05:33:03.659535+00:00 actor=1 action=INSERT table=applications record=396 path=/applications status=success
2026-04-05T05:33:03.675536+00:00 actor=1 action=INSERT table=applications record=397 path=/applications status=success
2026-04-05T05:33:03.718535+00:00 actor=1 action=INSERT table=applications record=398 path=/applications status=success
2026-04-05T05:33:03.799634+00:00 actor=1 action=INSERT table=applications record=399 path=/applications status=success
2026-04-05T05:33:03.837644+00:00 actor=1 action=INSERT table=applications record=400 path=/applications status=success
2026-04-05T05:33:03.873157+00:00 actor=1 action=INSERT table=applications record=401 path=/applications status=success
2026-04-05T05:33:03.890157+00:00 actor=1 action=INSERT table=applications record=402 path=/applications status=success
2026-04-05T05:33:03.895157+00:00 actor=1 action=INSERT table=applications record=403 path=/applications status=success
2026-04-05T05:33:03.906158+00:00 actor=1 action=INSERT table=applications record=404 path=/applications status=success
2026-04-05T05:33:03.942672+00:00 actor=1 action=INSERT table=applications record=405 path=/applications status=success
2026-04-05T05:33:03.954672+00:00 actor=1 action=INSERT table=applications record=406 path=/applications status=success
2026-04-05T05:33:03.960673+00:00 actor=1 action=INSERT table=applications record=407 path=/applications status=success
2026-04-05T05:33:03.961673+00:00 actor=1 action=INSERT table=applications record=408 path=/applications status=success
2026-04-05T05:33:03.975673+00:00 actor=1 action=INSERT table=applications record=409 path=/applications status=success
2026-04-05T05:33:03.997674+00:00 actor=1 action=INSERT table=applications record=410 path=/applications status=success
2026-04-05T05:33:04.060006+00:00 actor=1 action=INSERT table=applications record=411 path=/applications status=success
2026-04-05T05:33:04.079522+00:00 actor=1 action=INSERT table=applications record=412 path=/applications status=success
2026-04-05T05:33:04.100523+00:00 actor=1 action=INSERT table=applications record=413 path=/applications status=success
2026-04-05T05:33:04.141041+00:00 actor=1 action=INSERT table=applications record=414 path=/applications status=success
2026-04-05T05:33:04.148045+00:00 actor=1 action=INSERT table=applications record=415 path=/applications status=success
2026-04-05T05:33:04.162046+00:00 actor=1 action=INSERT table=applications record=416 path=/applications status=success
2026-04-05T05:33:04.195044+00:00 actor=1 action=INSERT table=applications record=417 path=/applications status=success
2026-04-05T05:33:04.214044+00:00 actor=1 action=INSERT table=applications record=418 path=/applications status=success
2026-04-05T05:33:04.229050+00:00 actor=1 action=INSERT table=applications record=420 path=/applications status=success
2026-04-05T05:33:04.235050+00:00 actor=1 action=INSERT table=applications record=421 path=/applications status=success
2026-04-05T05:33:04.264570+00:00 actor=1 action=INSERT table=applications record=422 path=/applications status=success
2026-04-05T05:33:04.290571+00:00 actor=1 action=INSERT table=applications record=423 path=/applications status=success
2026-04-05T05:33:04.319571+00:00 actor=1 action=INSERT table=applications record=424 path=/applications status=success
2026-04-05T05:33:04.333577+00:00 actor=1 action=INSERT table=applications record=425 path=/applications status=success
2026-04-05T05:33:04.338090+00:00 actor=1 action=INSERT table=applications record=426 path=/applications status=success
2026-04-05T05:33:04.340099+00:00 actor=1 action=INSERT table=applications record=427 path=/applications status=success
2026-04-05T05:33:04.429105+00:00 actor=1 action=INSERT table=applications record=428 path=/applications status=success
2026-04-05T05:33:04.523625+00:00 actor=1 action=INSERT table=applications record=429 path=/applications status=success
2026-04-05T05:33:04.547827+00:00 actor=1 action=INSERT table=applications record=430 path=/applications status=success
2026-04-05T05:33:04.560009+00:00 actor=1 action=INSERT table=applications record=431 path=/applications status=success
2026-04-05T05:33:04.571157+00:00 actor=1 action=INSERT table=applications record=432 path=/applications status=success
2026-04-05T05:33:04.621742+00:00 actor=1 action=INSERT table=applications record=434 path=/applications status=success
2026-04-05T05:33:04.653794+00:00 actor=1 action=INSERT table=applications record=435 path=/applications status=success
2026-04-05T05:33:04.666794+00:00 actor=1 action=INSERT table=applications record=436 path=/applications status=success
2026-04-05T05:33:04.703317+00:00 actor=1 action=INSERT table=applications record=437 path=/applications status=success
2026-04-05T05:33:04.720316+00:00 actor=1 action=INSERT table=applications record=438 path=/applications status=success
2026-04-05T05:33:04.747839+00:00 actor=1 action=INSERT table=applications record=439 path=/applications status=success
2026-04-05T05:33:04.766836+00:00 actor=1 action=INSERT table=applications record=440 path=/applications status=success
2026-04-05T05:33:04.785838+00:00 actor=1 action=INSERT table=applications record=441 path=/applications status=success
2026-04-05T05:33:04.789837+00:00 actor=1 action=INSERT table=applications record=442 path=/applications status=success
2026-04-05T05:33:04.827856+00:00 actor=1 action=INSERT table=applications record=443 path=/applications status=success
2026-04-05T05:33:04.833856+00:00 actor=1 action=INSERT table=applications record=444 path=/applications status=success
2026-04-05T05:33:04.836856+00:00 actor=1 action=INSERT table=applications record=445 path=/applications status=success
2026-04-05T05:33:04.847368+00:00 actor=1 action=INSERT table=applications record=446 path=/applications status=success
2026-04-05T05:33:04.869368+00:00 actor=1 action=INSERT table=applications record=447 path=/applications status=success
2026-04-05T05:33:04.892367+00:00 actor=1 action=INSERT table=applications record=448 path=/applications status=success
2026-04-05T05:33:04.915370+00:00 actor=1 action=INSERT table=applications record=449 path=/applications status=success
2026-04-05T05:33:04.965892+00:00 actor=1 action=INSERT table=applications record=450 path=/applications status=success
2026-04-05T05:33:05.010892+00:00 actor=1 action=INSERT table=applications record=451 path=/applications status=success
2026-04-05T05:33:05.026898+00:00 actor=1 action=INSERT table=applications record=452 path=/applications status=success
2026-04-05T05:33:05.058423+00:00 actor=1 action=INSERT table=applications record=453 path=/applications status=success
2026-04-05T05:33:05.075419+00:00 actor=1 action=INSERT table=applications record=454 path=/applications status=success
2026-04-05T05:33:05.088419+00:00 actor=1 action=INSERT table=applications record=455 path=/applications status=success
2026-04-05T05:33:05.092420+00:00 actor=1 action=INSERT table=applications record=456 path=/applications status=success
2026-04-05T05:33:05.113420+00:00 actor=1 action=INSERT table=applications record=457 path=/applications status=success
2026-04-05T05:33:05.117419+00:00 actor=1 action=INSERT table=applications record=458 path=/applications status=success
2026-04-05T05:33:05.126425+00:00 actor=1 action=INSERT table=applications record=459 path=/applications status=success
2026-04-05T05:33:05.156935+00:00 actor=1 action=INSERT table=applications record=460 path=/applications status=success
2026-04-05T05:33:05.161935+00:00 actor=1 action=INSERT table=applications record=461 path=/applications status=success
2026-04-05T05:33:05.191935+00:00 actor=1 action=INSERT table=applications record=463 path=/applications status=success
2026-04-05T05:33:05.260994+00:00 actor=1 action=INSERT table=applications record=465 path=/applications status=success
2026-04-05T05:33:05.346513+00:00 actor=1 action=INSERT table=applications record=466 path=/applications status=success
2026-04-05T05:33:05.361513+00:00 actor=1 action=INSERT table=applications record=467 path=/applications status=success
2026-04-05T05:33:05.366512+00:00 actor=1 action=INSERT table=applications record=468 path=/applications status=success
2026-04-05T05:33:05.395515+00:00 actor=1 action=INSERT table=applications record=469 path=/applications status=success
2026-04-05T05:33:05.436517+00:00 actor=1 action=INSERT table=applications record=470 path=/applications status=success
2026-04-05T05:33:05.440029+00:00 actor=1 action=INSERT table=applications record=471 path=/applications status=success
2026-04-05T05:33:05.478030+00:00 actor=1 action=INSERT table=applications record=472 path=/applications status=success
2026-04-05T05:33:05.550547+00:00 actor=1 action=INSERT table=applications record=473 path=/applications status=success
2026-04-05T05:33:05.552547+00:00 actor=1 action=INSERT table=applications record=474 path=/applications status=success
2026-04-05T05:33:05.609547+00:00 actor=1 action=INSERT table=applications record=475 path=/applications status=success
2026-04-05T05:33:05.618548+00:00 actor=1 action=INSERT table=applications record=476 path=/applications status=success
2026-04-05T05:33:05.666067+00:00 actor=1 action=INSERT table=applications record=477 path=/applications status=success
2026-04-05T05:33:05.670067+00:00 actor=1 action=INSERT table=applications record=478 path=/applications status=success
2026-04-05T05:33:05.711068+00:00 actor=1 action=INSERT table=applications record=479 path=/applications status=success
2026-04-05T05:33:05.727080+00:00 actor=1 action=INSERT table=applications record=480 path=/applications status=success
2026-04-05T05:33:05.753594+00:00 actor=1 action=INSERT table=applications record=481 path=/applications status=success
2026-04-05T05:33:05.774594+00:00 actor=1 action=INSERT table=applications record=482 path=/applications status=success
2026-04-05T05:33:05.779592+00:00 actor=1 action=INSERT table=applications record=483 path=/applications status=success
2026-04-05T05:33:05.789593+00:00 actor=1 action=INSERT table=applications record=484 path=/applications status=success
2026-04-05T05:33:05.822592+00:00 actor=1 action=INSERT table=applications record=485 path=/applications status=success
2026-04-05T05:33:05.852111+00:00 actor=1 action=INSERT table=applications record=486 path=/applications status=success
2026-04-05T05:33:05.919112+00:00 actor=1 action=INSERT table=applications record=488 path=/applications status=success
2026-04-05T05:33:05.926117+00:00 actor=1 action=INSERT table=applications record=489 path=/applications status=success
2026-04-05T05:33:05.936118+00:00 actor=1 action=INSERT table=applications record=490 path=/applications status=success
2026-04-05T05:33:05.946529+00:00 actor=1 action=INSERT table=applications record=491 path=/applications status=success
2026-04-05T05:33:05.968527+00:00 actor=1 action=INSERT table=applications record=492 path=/applications status=success
2026-04-05T05:33:05.979528+00:00 actor=1 action=INSERT table=applications record=493 path=/applications status=success
2026-04-05T05:33:05.983528+00:00 actor=1 action=INSERT table=applications record=494 path=/applications status=success
2026-04-05T05:33:05.987525+00:00 actor=1 action=INSERT table=applications record=495 path=/applications status=success
2026-04-05T05:33:06.007528+00:00 actor=1 action=INSERT table=applications record=496 path=/applications status=success
2026-04-05T05:33:06.021528+00:00 actor=1 action=INSERT table=applications record=497 path=/applications status=success
2026-04-05T05:33:06.025537+00:00 actor=1 action=INSERT table=applications record=498 path=/applications status=success
2026-04-05T05:33:06.033534+00:00 actor=1 action=INSERT table=applications record=499 path=/applications status=success
2026-04-05T05:33:06.035534+00:00 actor=1 action=INSERT table=applications record=500 path=/applications status=success
2026-04-05T05:33:06.048047+00:00 actor=1 action=INSERT table=applications record=501 path=/applications status=success
2026-04-05T05:33:06.064048+00:00 actor=1 action=INSERT table=applications record=502 path=/applications status=success
2026-04-05T05:33:06.074048+00:00 actor=1 action=INSERT table=applications record=503 path=/applications status=success
2026-04-05T05:33:06.076049+00:00 actor=1 action=INSERT table=applications record=504 path=/applications status=success
2026-04-05T05:33:06.084052+00:00 actor=1 action=INSERT table=applications record=505 path=/applications status=success
2026-04-05T05:33:06.122052+00:00 actor=1 action=INSERT table=applications record=506 path=/applications status=success
